Arguments: 
  /usr/local/bin/node /Users/coderitual/.yarn/bin/yarn.js add puppeter lighthouse

PATH: 
  /Users/coderitual/.yarn/bin:/Users/coderitual/.config/yarn/global/node_modules/.bin:/usr/local/bin:/usr/bin:/bin:/usr/sbin:/sbin:/usr/local/MacGPG2/bin:/usr/local/share/dotnet:~/.dotnet/tools:/Library/Apple/usr/bin:/Library/Frameworks/Mono.framework/Versions/Current/Commands:/Users/coderitual/.yarn/bin:/Users/coderitual/.config/yarn/global/node_modules/.bin

Yarn version: 
  1.22.5

Node version: 
  14.17.2

Platform: 
  darwin x64

Trace: 
  Error: https://registry.yarnpkg.com/puppeter: Not found
      at Request.params.callback [as _callback] (/Users/coderitual/.yarn/lib/cli.js:66988:18)
      at Request.self.callback (/Users/coderitual/.yarn/lib/cli.js:140749:22)
      at Request.emit (events.js:375:28)
      at Request.<anonymous> (/Users/coderitual/.yarn/lib/cli.js:141721:10)
      at Request.emit (events.js:375:28)
      at IncomingMessage.<anonymous> (/Users/coderitual/.yarn/lib/cli.js:141643:12)
      at Object.onceWrapper (events.js:481:28)
      at IncomingMessage.emit (events.js:387:35)
      at endReadableNT (internal/streams/readable.js:1317:12)
      at processTicksAndRejections (internal/process/task_queues.js:82:21)

npm manifest: 
  {
    "name": "web-vitals-headless",
    "version": "1.0.0",
    "main": "index.js",
    "repository": "git@github.com:coderitual/web-vitals-headless.git",
    "author": "coderitual <skowronkow@gmail.com>",
    "license": "MIT"
  }

yarn manifest: 
  No manifest

Lockfile: 
  No lockfile
